[     184ms] [LOG] [Fast Refresh] rebuilding @ http://localhost:3000/_next/static/chunks/03aae_next_dist_client_0c36b3a9._.js:5949
[     347ms] [LOG] [Fast Refresh] done in 266ms @ http://localhost:3000/_next/static/chunks/03aae_next_dist_client_0c36b3a9._.js:5809
[     497ms] [INFO] %cDownload the React DevTools for a better development experience: https://react.dev/link/react-devtools font-weight:bold @ http://localhost:3000/_next/static/chunks/03aae_next_dist_compiled_react-dom_017d3568._.js:14537
[    4953ms] [LOG] %c >> query #1 %cswap.getRate%c %O 
    background-color: #72e3ff;
    color: black;
    padding: 2px;
   
    background-color: #72e3ff;
    color: black;
    padding: 2px;
  ; font-weight: bold; 
    background-color: #72e3ff;
    color: black;
    padding: 2px;
  ; font-weight: normal; {input: Object, context: Object} @ http://localhost:3000/_next/static/chunks/03aae_86c65cbd._.js:2468
[    5206ms] [LOG] %c << query #1 %cswap.getRate%c %O 
    background-color: #3fb0d8;
    color: white;
    padding: 2px;
   
    background-color: #3fb0d8;
    color: white;
    padding: 2px;
  ; font-weight: bold; 
    background-color: #3fb0d8;
    color: white;
    padding: 2px;
  ; font-weight: normal; {input: Object, result: Object, elapsedMs: 253, context: Object} @ http://localhost:3000/_next/static/chunks/03aae_86c65cbd._.js:2468
[  986480ms] [LOG] [Fast Refresh] rebuilding @ http://localhost:3000/_next/static/chunks/03aae_next_dist_client_0c36b3a9._.js:5949
[  986562ms] [LOG] [Fast Refresh] done in 185ms @ http://localhost:3000/_next/static/chunks/03aae_next_dist_client_0c36b3a9._.js:5809
[  986650ms] [LOG] [Fast Refresh] rebuilding @ http://localhost:3000/_next/static/chunks/03aae_next_dist_client_0c36b3a9._.js:5949
[  986678ms] [LOG] [Fast Refresh] done in 63ms @ http://localhost:3000/_next/static/chunks/03aae_next_dist_client_0c36b3a9._.js:5809
[  986793ms] [LOG] [Fast Refresh] rebuilding @ http://localhost:3000/_next/static/chunks/03aae_next_dist_client_0c36b3a9._.js:5949
[  986803ms] [LOG] [Fast Refresh] done in 110ms @ http://localhost:3000/_next/static/chunks/03aae_next_dist_client_0c36b3a9._.js:5809
[ 1004355ms] [LOG] [Fast Refresh] rebuilding @ http://localhost:3000/_next/static/chunks/03aae_next_dist_client_0c36b3a9._.js:5949
[ 1004603ms] [LOG] [Fast Refresh] done in 246ms @ http://localhost:3000/_next/static/chunks/03aae_next_dist_client_0c36b3a9._.js:5809
[ 1030132ms] [LOG] [Fast Refresh] rebuilding @ http://localhost:3000/_next/static/chunks/03aae_next_dist_client_0c36b3a9._.js:5949
[ 1030154ms] [LOG] [Fast Refresh] done in 99ms @ http://localhost:3000/_next/static/chunks/03aae_next_dist_client_0c36b3a9._.js:5809
[ 1046126ms] [LOG] [Fast Refresh] rebuilding @ http://localhost:3000/_next/static/chunks/03aae_next_dist_client_0c36b3a9._.js:5949
[ 1046169ms] [LOG] [Fast Refresh] done in 144ms @ http://localhost:3000/_next/static/chunks/03aae_next_dist_client_0c36b3a9._.js:5809
[ 1048950ms] [LOG] [Fast Refresh] rebuilding @ http://localhost:3000/_next/static/chunks/03aae_next_dist_client_0c36b3a9._.js:5949
[ 1048989ms] [LOG] [Fast Refresh] done in 140ms @ http://localhost:3000/_next/static/chunks/03aae_next_dist_client_0c36b3a9._.js:5809
[ 1049096ms] [LOG] [Fast Refresh] rebuilding @ http://localhost:3000/_next/static/chunks/03aae_next_dist_client_0c36b3a9._.js:5949
[ 1049231ms] [LOG] [Fast Refresh] done in 23ms @ http://localhost:3000/_next/static/chunks/03aae_next_dist_client_0c36b3a9._.js:5809
[ 1112222ms] [LOG] [Fast Refresh] rebuilding @ http://localhost:3000/_next/static/chunks/03aae_next_dist_client_0c36b3a9._.js:5949
[ 1112352ms] [LOG] [Fast Refresh] done in 232ms @ http://localhost:3000/_next/static/chunks/03aae_next_dist_client_0c36b3a9._.js:5809
[ 1112483ms] [LOG] [Fast Refresh] rebuilding @ http://localhost:3000/_next/static/chunks/03aae_next_dist_client_0c36b3a9._.js:5949
[ 1112495ms] [LOG] [Fast Refresh] done in 113ms @ http://localhost:3000/_next/static/chunks/03aae_next_dist_client_0c36b3a9._.js:5809
[ 1114331ms] [LOG] [Fast Refresh] rebuilding @ http://localhost:3000/_next/static/chunks/03aae_next_dist_client_0c36b3a9._.js:5949
[ 1114412ms] [LOG] [Fast Refresh] done in 184ms @ http://localhost:3000/_next/static/chunks/03aae_next_dist_client_0c36b3a9._.js:5809
[ 1114487ms] [LOG] [Fast Refresh] rebuilding @ http://localhost:3000/_next/static/chunks/03aae_next_dist_client_0c36b3a9._.js:5949
[ 1114517ms] [LOG] [Fast Refresh] done in 13ms @ http://localhost:3000/_next/static/chunks/03aae_next_dist_client_0c36b3a9._.js:5809
[ 1114618ms] [LOG] [Fast Refresh] rebuilding @ http://localhost:3000/_next/static/chunks/03aae_next_dist_client_0c36b3a9._.js:5949
[ 1114701ms] [ERROR] Failed to load resource: the server responded with a status of 404 (Not Found) @ http://localhost:3000/dashboard/swap?_rsc=1uhfj:0
[ 1114707ms] [LOG] [Fast Refresh] done in 189ms @ http://localhost:3000/_next/static/chunks/03aae_next_dist_client_0c36b3a9._.js:5809
[ 1114786ms] [ERROR] Failed to load resource: the server responded with a status of 404 (Not Found) @ http://localhost:3000/dashboard/swap?_rsc=1uhfj:0
[ 1114958ms] [LOG] [Fast Refresh] rebuilding @ http://localhost:3000/_next/static/chunks/03aae_next_dist_client_0c36b3a9._.js:5949
[ 1114977ms] [LOG] [Fast Refresh] done in 120ms @ http://localhost:3000/_next/static/chunks/03aae_next_dist_client_0c36b3a9._.js:5809
[ 1114992ms] [ERROR] Failed to load resource: the server responded with a status of 404 (Not Found) @ http://localhost:3000/dashboard/swap:0
[ 1115065ms] [INFO] %cDownload the React DevTools for a better development experience: https://react.dev/link/react-devtools font-weight:bold @ http://localhost:3000/_next/static/chunks/03aae_next_dist_compiled_react-dom_017d3568._.js:14537
[ 1160131ms] [LOG] [Fast Refresh] rebuilding @ http://localhost:3000/_next/static/chunks/03aae_next_dist_client_0c36b3a9._.js:5949
[ 1160419ms] [LOG] [Fast Refresh] done in 249ms @ http://localhost:3000/_next/static/chunks/03aae_next_dist_client_0c36b3a9._.js:5809
[ 1245270ms] [LOG] [Fast Refresh] rebuilding @ http://localhost:3000/_next/static/chunks/03aae_next_dist_client_0c36b3a9._.js:5949
[ 1245483ms] [LOG] [Fast Refresh] done in 256ms @ http://localhost:3000/_next/static/chunks/03aae_next_dist_client_0c36b3a9._.js:5809
[ 1290771ms] [LOG] [Fast Refresh] rebuilding @ http://localhost:3000/_next/static/chunks/03aae_next_dist_client_0c36b3a9._.js:5949
[ 1290798ms] [LOG] [Fast Refresh] done in 129ms @ http://localhost:3000/_next/static/chunks/03aae_next_dist_client_0c36b3a9._.js:5809
[ 1304951ms] [LOG] [Fast Refresh] rebuilding @ http://localhost:3000/_next/static/chunks/03aae_next_dist_client_0c36b3a9._.js:5949
[ 1305057ms] [LOG] [Fast Refresh] done in 135ms @ http://localhost:3000/_next/static/chunks/03aae_next_dist_client_0c36b3a9._.js:5809
[ 1305171ms] [LOG] [Fast Refresh] rebuilding @ http://localhost:3000/_next/static/chunks/03aae_next_dist_client_0c36b3a9._.js:5949
[ 1305179ms] [LOG] [Fast Refresh] done in 109ms @ http://localhost:3000/_next/static/chunks/03aae_next_dist_client_0c36b3a9._.js:5809
[ 1361863ms] [LOG] [Fast Refresh] rebuilding @ http://localhost:3000/_next/static/chunks/03aae_next_dist_client_0c36b3a9._.js:5949
[ 1361888ms] [LOG] [Fast Refresh] done in 96ms @ http://localhost:3000/_next/static/chunks/03aae_next_dist_client_0c36b3a9._.js:5809
[ 1375006ms] [LOG] [Fast Refresh] rebuilding @ http://localhost:3000/_next/static/chunks/03aae_next_dist_client_0c36b3a9._.js:5949
[ 1375193ms] [LOG] [Fast Refresh] done in 288ms @ http://localhost:3000/_next/static/chunks/03aae_next_dist_client_0c36b3a9._.js:5809
[ 1378591ms] [LOG] [Fast Refresh] rebuilding @ http://localhost:3000/_next/static/chunks/03aae_next_dist_client_0c36b3a9._.js:5949
[ 1378696ms] [LOG] [Fast Refresh] done in 206ms @ http://localhost:3000/_next/static/chunks/03aae_next_dist_client_0c36b3a9._.js:5809
[ 1379948ms] [LOG] [Fast Refresh] rebuilding @ http://localhost:3000/_next/static/chunks/03aae_next_dist_client_0c36b3a9._.js:5949
[ 1380036ms] [LOG] [Fast Refresh] done in 189ms @ http://localhost:3000/_next/static/chunks/03aae_next_dist_client_0c36b3a9._.js:5809
[ 1382889ms] [LOG] [Fast Refresh] rebuilding @ http://localhost:3000/_next/static/chunks/03aae_next_dist_client_0c36b3a9._.js:5949
[ 1382908ms] [LOG] [Fast Refresh] done in 119ms @ http://localhost:3000/_next/static/chunks/03aae_next_dist_client_0c36b3a9._.js:5809
[ 1384675ms] [LOG] [Fast Refresh] rebuilding @ http://localhost:3000/_next/static/chunks/03aae_next_dist_client_0c36b3a9._.js:5949
[ 1384701ms] [LOG] [Fast Refresh] done in 126ms @ http://localhost:3000/_next/static/chunks/03aae_next_dist_client_0c36b3a9._.js:5809
[ 1386825ms] [LOG] [Fast Refresh] rebuilding @ http://localhost:3000/_next/static/chunks/03aae_next_dist_client_0c36b3a9._.js:5949
[ 1386981ms] [LOG] [Fast Refresh] done in 257ms @ http://localhost:3000/_next/static/chunks/03aae_next_dist_client_0c36b3a9._.js:5809
[ 1387095ms] [LOG] [Fast Refresh] rebuilding @ http://localhost:3000/_next/static/chunks/03aae_next_dist_client_0c36b3a9._.js:5949
[ 1387124ms] [LOG] [Fast Refresh] done in 130ms @ http://localhost:3000/_next/static/chunks/03aae_next_dist_client_0c36b3a9._.js:5809
[ 1387306ms] [LOG] [Fast Refresh] rebuilding @ http://localhost:3000/_next/static/chunks/03aae_next_dist_client_0c36b3a9._.js:5949
[ 1387489ms] [LOG] [Fast Refresh] done in 284ms @ http://localhost:3000/_next/static/chunks/03aae_next_dist_client_0c36b3a9._.js:5809
[ 1398362ms] [LOG] [Fast Refresh] rebuilding @ http://localhost:3000/_next/static/chunks/03aae_next_dist_client_0c36b3a9._.js:5949
[ 1398646ms] [LOG] [Fast Refresh] done in 384ms @ http://localhost:3000/_next/static/chunks/03aae_next_dist_client_0c36b3a9._.js:5809
[ 1410505ms] [LOG] [Fast Refresh] rebuilding @ http://localhost:3000/_next/static/chunks/03aae_next_dist_client_0c36b3a9._.js:5949
[ 1410627ms] [LOG] [Fast Refresh] done in 249ms @ http://localhost:3000/_next/static/chunks/03aae_next_dist_client_0c36b3a9._.js:5809
[ 1412844ms] [LOG] [Fast Refresh] rebuilding @ http://localhost:3000/_next/static/chunks/03aae_next_dist_client_0c36b3a9._.js:5949
[ 1412900ms] [LOG] [Fast Refresh] done in 157ms @ http://localhost:3000/_next/static/chunks/03aae_next_dist_client_0c36b3a9._.js:5809
[ 1475134ms] [LOG] [Fast Refresh] rebuilding @ http://localhost:3000/_next/static/chunks/03aae_next_dist_client_0c36b3a9._.js:5949
[ 1475184ms] [LOG] [Fast Refresh] done in 151ms @ http://localhost:3000/_next/static/chunks/03aae_next_dist_client_0c36b3a9._.js:5809
[ 1559684ms] [LOG] [Fast Refresh] rebuilding @ http://localhost:3000/_next/static/chunks/03aae_next_dist_client_0c36b3a9._.js:5949
[ 1559776ms] [LOG] [Fast Refresh] done in 192ms @ http://localhost:3000/_next/static/chunks/03aae_next_dist_client_0c36b3a9._.js:5809
[ 1588141ms] [LOG] [Fast Refresh] rebuilding @ http://localhost:3000/_next/static/chunks/03aae_next_dist_client_0c36b3a9._.js:5949
[ 1588148ms] [LOG] [Fast Refresh] done in 69ms @ http://localhost:3000/_next/static/chunks/03aae_next_dist_client_0c36b3a9._.js:5809
[ 1608063ms] [LOG] [Fast Refresh] rebuilding @ http://localhost:3000/_next/static/chunks/03aae_next_dist_client_0c36b3a9._.js:5949
[ 1608161ms] [LOG] [Fast Refresh] done in 199ms @ http://localhost:3000/_next/static/chunks/03aae_next_dist_client_0c36b3a9._.js:5809
[ 1660172ms] [LOG] [Fast Refresh] rebuilding @ http://localhost:3000/_next/static/chunks/03aae_next_dist_client_0c36b3a9._.js:5949
[ 1660401ms] [LOG] [Fast Refresh] done in 333ms @ http://localhost:3000/_next/static/chunks/03aae_next_dist_client_0c36b3a9._.js:5809
