[    3762ms] [INFO] %cDownload the React DevTools for a better development experience: https://react.dev/link/react-devtools font-weight:bold @ http://localhost:3002/_next/static/chunks/03aae_next_dist_compiled_react-dom_017d3568._.js:14537
[    4074ms] [LOG] [Fast Refresh] rebuilding @ http://localhost:3002/_next/static/chunks/03aae_next_dist_client_0c36b3a9._.js:5949
[    4149ms] [LOG] [Fast Refresh] done in 176ms @ http://localhost:3002/_next/static/chunks/03aae_next_dist_client_0c36b3a9._.js:5809
[   19297ms] [LOG] %c >> mutation #1 %cstudent.create%c %O 
    background-color: #c5a3fc;
    color: black;
    padding: 2px;
   
    background-color: #c5a3fc;
    color: black;
    padding: 2px;
  ; font-weight: bold; 
    background-color: #c5a3fc;
    color: black;
    padding: 2px;
  ; font-weight: normal; {input: Object, context: Object} @ http://localhost:3002/_next/static/chunks/03aae_86c65cbd._.js:2468
[   19451ms] [LOG] [Fast Refresh] rebuilding @ http://localhost:3002/_next/static/chunks/03aae_next_dist_client_0c36b3a9._.js:5949
[   19850ms] [LOG] [Fast Refresh] done in 500ms @ http://localhost:3002/_next/static/chunks/03aae_next_dist_client_0c36b3a9._.js:5809
[   20766ms] [LOG] %c << mutation #1 %cstudent.create%c %O 
    background-color: #904dfc;
    color: white;
    padding: 2px;
   
    background-color: #904dfc;
    color: white;
    padding: 2px;
  ; font-weight: bold; 
    background-color: #904dfc;
    color: white;
    padding: 2px;
  ; font-weight: normal; {input: Object, result: Object, elapsedMs: 1468, context: Object} @ http://localhost:3002/_next/static/chunks/03aae_86c65cbd._.js:2468
[   22415ms] [LOG] %c >> query #2 %cstudent.dashboard%c %O 
    background-color: #72e3ff;
    color: black;
    padding: 2px;
   
    background-color: #72e3ff;
    color: black;
    padding: 2px;
  ; font-weight: bold; 
    background-color: #72e3ff;
    color: black;
    padding: 2px;
  ; font-weight: normal; {input: undefined, context: Object} @ http://localhost:3002/_next/static/chunks/03aae_86c65cbd._.js:2468
[   22463ms] [LOG] [Fast Refresh] rebuilding @ http://localhost:3002/_next/static/chunks/03aae_next_dist_client_0c36b3a9._.js:5949
[   22517ms] [LOG] [Fast Refresh] done in 155ms @ http://localhost:3002/_next/static/chunks/03aae_next_dist_client_0c36b3a9._.js:5809
[   22719ms] [LOG] %c << query #2 %cstudent.dashboard%c %O 
    background-color: #3fb0d8;
    color: white;
    padding: 2px;
   
    background-color: #3fb0d8;
    color: white;
    padding: 2px;
  ; font-weight: bold; 
    background-color: #3fb0d8;
    color: white;
    padding: 2px;
  ; font-weight: normal; {input: undefined, result: Object, elapsedMs: 303, context: Object} @ http://localhost:3002/_next/static/chunks/03aae_86c65cbd._.js:2468
[   22778ms] [WARNING] Image with src "http://localhost:3002/Arc_Icon_Navay.svg" has either width or height modified, but not the other. If you use CSS to change the size of your image, also include the styles 'width: "auto"' or 'height: "auto"' to maintain the aspect ratio. @ http://localhost:3002/_next/static/chunks/03aae_next_dist_0ca34451._.js:968
[   22779ms] [WARNING] Image with src "http://localhost:3002/Arc_Icon_White.svg" has either width or height modified, but not the other. If you use CSS to change the size of your image, also include the styles 'width: "auto"' or 'height: "auto"' to maintain the aspect ratio. @ http://localhost:3002/_next/static/chunks/03aae_next_dist_0ca34451._.js:968
[   32576ms] [LOG] [Fast Refresh] rebuilding @ http://localhost:3002/_next/static/chunks/03aae_next_dist_client_0c36b3a9._.js:5949
[   32771ms] [LOG] [Fast Refresh] done in 296ms @ http://localhost:3002/_next/static/chunks/03aae_next_dist_client_0c36b3a9._.js:5809
[   54690ms] [LOG] [Fast Refresh] rebuilding @ http://localhost:3002/_next/static/chunks/03aae_next_dist_client_0c36b3a9._.js:5949
[   55141ms] [LOG] %c >> query #3 %cstudent.dashboard%c %O 
    background-color: #72e3ff;
    color: black;
    padding: 2px;
   
    background-color: #72e3ff;
    color: black;
    padding: 2px;
  ; font-weight: bold; 
    background-color: #72e3ff;
    color: black;
    padding: 2px;
  ; font-weight: normal; {input: undefined, context: Object} @ http://localhost:3002/_next/static/chunks/03aae_86c65cbd._.js:2468
[   55150ms] [LOG] [Fast Refresh] done in 537ms @ http://localhost:3002/_next/static/chunks/03aae_next_dist_client_0c36b3a9._.js:5809
[   55447ms] [LOG] %c << query #3 %cstudent.dashboard%c %O 
    background-color: #3fb0d8;
    color: white;
    padding: 2px;
   
    background-color: #3fb0d8;
    color: white;
    padding: 2px;
  ; font-weight: bold; 
    background-color: #3fb0d8;
    color: white;
    padding: 2px;
  ; font-weight: normal; {input: undefined, result: Object, elapsedMs: 304, context: Object} @ http://localhost:3002/_next/static/chunks/03aae_86c65cbd._.js:2468
[  112737ms] [LOG] [Fast Refresh] rebuilding @ http://localhost:3002/_next/static/chunks/03aae_next_dist_client_0c36b3a9._.js:5949
[  112810ms] [LOG] [Fast Refresh] done in 175ms @ http://localhost:3002/_next/static/chunks/03aae_next_dist_client_0c36b3a9._.js:5809
[  113330ms] [INFO] %cDownload the React DevTools for a better development experience: https://react.dev/link/react-devtools font-weight:bold @ http://localhost:3002/_next/static/chunks/03aae_next_dist_compiled_react-dom_017d3568._.js:14537
[  113366ms] [LOG] %c >> query #1 %cstudent.dashboard%c %O 
    background-color: #72e3ff;
    color: black;
    padding: 2px;
   
    background-color: #72e3ff;
    color: black;
    padding: 2px;
  ; font-weight: bold; 
    background-color: #72e3ff;
    color: black;
    padding: 2px;
  ; font-weight: normal; {input: undefined, context: Object} @ http://localhost:3002/_next/static/chunks/03aae_86c65cbd._.js:2468
[  113622ms] [LOG] %c << query #1 %cstudent.dashboard%c %O 
    background-color: #3fb0d8;
    color: white;
    padding: 2px;
   
    background-color: #3fb0d8;
    color: white;
    padding: 2px;
  ; font-weight: bold; 
    background-color: #3fb0d8;
    color: white;
    padding: 2px;
  ; font-weight: normal; {input: undefined, result: Object, elapsedMs: 256, context: Object} @ http://localhost:3002/_next/static/chunks/03aae_86c65cbd._.js:2468
[  113657ms] [WARNING] Image with src "http://localhost:3002/Arc_Icon_White.svg" has either width or height modified, but not the other. If you use CSS to change the size of your image, also include the styles 'width: "auto"' or 'height: "auto"' to maintain the aspect ratio. @ http://localhost:3002/_next/static/chunks/03aae_next_dist_0ca34451._.js:968
[  113657ms] [WARNING] Image with src "http://localhost:3002/Arc_Icon_Navay.svg" has either width or height modified, but not the other. If you use CSS to change the size of your image, also include the styles 'width: "auto"' or 'height: "auto"' to maintain the aspect ratio. @ http://localhost:3002/_next/static/chunks/03aae_next_dist_0ca34451._.js:968
