[     295ms] [INFO] %cDownload the React DevTools for a better development experience: https://react.dev/link/react-devtools font-weight:bold @ http://localhost:3000/_next/static/chunks/03aae_next_dist_compiled_react-dom_017d3568._.js:14537
[    7705ms] [LOG] %c >> mutation #1 %cstudent.create%c %O 
    background-color: #c5a3fc;
    color: black;
    padding: 2px;
   
    background-color: #c5a3fc;
    color: black;
    padding: 2px;
  ; font-weight: bold; 
    background-color: #c5a3fc;
    color: black;
    padding: 2px;
  ; font-weight: normal; {input: Object, context: Object} @ http://localhost:3000/_next/static/chunks/03aae_86c65cbd._.js:2468
[    7824ms] [LOG] [Fast Refresh] rebuilding @ http://localhost:3000/_next/static/chunks/03aae_next_dist_client_0c36b3a9._.js:5949
[    8162ms] [LOG] [Fast Refresh] done in 439ms @ http://localhost:3000/_next/static/chunks/03aae_next_dist_client_0c36b3a9._.js:5809
[    9069ms] [LOG] %c << mutation #1 %cstudent.create%c %O 
    background-color: #904dfc;
    color: white;
    padding: 2px;
   
    background-color: #904dfc;
    color: white;
    padding: 2px;
  ; font-weight: bold; 
    background-color: #904dfc;
    color: white;
    padding: 2px;
  ; font-weight: normal; {input: Object, result: Object, elapsedMs: 1362, context: Object} @ http://localhost:3000/_next/static/chunks/03aae_86c65cbd._.js:2468
[   10677ms] [LOG] [Fast Refresh] rebuilding @ http://localhost:3000/_next/static/chunks/03aae_next_dist_client_0c36b3a9._.js:5949
[   10824ms] [LOG] [Fast Refresh] done in 249ms @ http://localhost:3000/_next/static/chunks/03aae_next_dist_client_0c36b3a9._.js:5809
[   10882ms] [LOG] %c >> query #2 %cstudent.dashboard%c %O 
    background-color: #72e3ff;
    color: black;
    padding: 2px;
   
    background-color: #72e3ff;
    color: black;
    padding: 2px;
  ; font-weight: bold; 
    background-color: #72e3ff;
    color: black;
    padding: 2px;
  ; font-weight: normal; {input: undefined, context: Object} @ http://localhost:3000/_next/static/chunks/03aae_86c65cbd._.js:2468
[   11133ms] [LOG] %c << query #2 %cstudent.dashboard%c %O 
    background-color: #3fb0d8;
    color: white;
    padding: 2px;
   
    background-color: #3fb0d8;
    color: white;
    padding: 2px;
  ; font-weight: bold; 
    background-color: #3fb0d8;
    color: white;
    padding: 2px;
  ; font-weight: normal; {input: undefined, result: Object, elapsedMs: 251, context: Object} @ http://localhost:3000/_next/static/chunks/03aae_86c65cbd._.js:2468
