[    3503ms] [INFO] %cDownload the React DevTools for a better development experience: https://react.dev/link/react-devtools font-weight:bold @ http://localhost:3001/_next/static/chunks/03aae_next_dist_compiled_react-dom_017d3568._.js:14537
[    3835ms] [LOG] [Fast Refresh] rebuilding @ http://localhost:3001/_next/static/chunks/03aae_next_dist_client_0c36b3a9._.js:5949
[    3914ms] [LOG] [Fast Refresh] done in 181ms @ http://localhost:3001/_next/static/chunks/03aae_next_dist_client_0c36b3a9._.js:5809
[   11441ms] [LOG] [Fast Refresh] rebuilding @ http://localhost:3001/_next/static/chunks/03aae_next_dist_client_0c36b3a9._.js:5949
[   11730ms] [LOG] [Fast Refresh] done in 390ms @ http://localhost:3001/_next/static/chunks/03aae_next_dist_client_0c36b3a9._.js:5809
[   24793ms] [LOG] %c >> mutation #1 %cstudent.create%c %O 
    background-color: #c5a3fc;
    color: black;
    padding: 2px;
   
    background-color: #c5a3fc;
    color: black;
    padding: 2px;
  ; font-weight: bold; 
    background-color: #c5a3fc;
    color: black;
    padding: 2px;
  ; font-weight: normal; {input: Object, context: Object} @ http://localhost:3001/_next/static/chunks/03aae_86c65cbd._.js:2468
[   24914ms] [LOG] [Fast Refresh] rebuilding @ http://localhost:3001/_next/static/chunks/03aae_next_dist_client_0c36b3a9._.js:5949
[   25391ms] [LOG] [Fast Refresh] done in 577ms @ http://localhost:3001/_next/static/chunks/03aae_next_dist_client_0c36b3a9._.js:5809
[   26270ms] [LOG] %c << mutation #1 %cstudent.create%c %O 
    background-color: #904dfc;
    color: white;
    padding: 2px;
   
    background-color: #904dfc;
    color: white;
    padding: 2px;
  ; font-weight: bold; 
    background-color: #904dfc;
    color: white;
    padding: 2px;
  ; font-weight: normal; {input: Object, result: Object, elapsedMs: 1476, context: Object} @ http://localhost:3001/_next/static/chunks/03aae_86c65cbd._.js:2468
[   27878ms] [LOG] [Fast Refresh] rebuilding @ http://localhost:3001/_next/static/chunks/03aae_next_dist_client_0c36b3a9._.js:5949
[   28734ms] [LOG] [Fast Refresh] done in 957ms @ http://localhost:3001/_next/static/chunks/03aae_next_dist_client_0c36b3a9._.js:5809
[   28798ms] [LOG] %c >> query #2 %cstudent.dashboard%c %O 
    background-color: #72e3ff;
    color: black;
    padding: 2px;
   
    background-color: #72e3ff;
    color: black;
    padding: 2px;
  ; font-weight: bold; 
    background-color: #72e3ff;
    color: black;
    padding: 2px;
  ; font-weight: normal; {input: undefined, context: Object} @ http://localhost:3001/_next/static/chunks/03aae_86c65cbd._.js:2468
[   28876ms] [LOG] [Fast Refresh] rebuilding @ http://localhost:3001/_next/static/chunks/03aae_next_dist_client_0c36b3a9._.js:5949
[   28898ms] [LOG] [Fast Refresh] done in 123ms @ http://localhost:3001/_next/static/chunks/03aae_next_dist_client_0c36b3a9._.js:5809
[   29123ms] [LOG] %c << query #2 %cstudent.dashboard%c %O 
    background-color: #3fb0d8;
    color: white;
    padding: 2px;
   
    background-color: #3fb0d8;
    color: white;
    padding: 2px;
  ; font-weight: bold; 
    background-color: #3fb0d8;
    color: white;
    padding: 2px;
  ; font-weight: normal; {input: undefined, result: Object, elapsedMs: 324, context: Object} @ http://localhost:3001/_next/static/chunks/03aae_86c65cbd._.js:2468
[   29190ms] [WARNING] Image with src "http://localhost:3001/Arc_Icon_White.svg" has either width or height modified, but not the other. If you use CSS to change the size of your image, also include the styles 'width: "auto"' or 'height: "auto"' to maintain the aspect ratio. @ http://localhost:3001/_next/static/chunks/03aae_next_dist_0ca34451._.js:968
[  201190ms] [LOG] [Fast Refresh] rebuilding @ http://localhost:3001/_next/static/chunks/03aae_next_dist_client_0c36b3a9._.js:5949
[  202261ms] [LOG] %c >> query #3 %cstudent.dashboard%c %O 
    background-color: #72e3ff;
    color: black;
    padding: 2px;
   
    background-color: #72e3ff;
    color: black;
    padding: 2px;
  ; font-weight: bold; 
    background-color: #72e3ff;
    color: black;
    padding: 2px;
  ; font-weight: normal; {input: undefined, context: Object} @ http://localhost:3001/_next/static/chunks/03aae_86c65cbd._.js:2468
[  202277ms] [LOG] [Fast Refresh] done in 1132ms @ http://localhost:3001/_next/static/chunks/03aae_next_dist_client_0c36b3a9._.js:5809
[  202300ms] [WARNING] Image with src "http://localhost:3001/Arc_Icon_Navay.svg" has either width or height modified, but not the other. If you use CSS to change the size of your image, also include the styles 'width: "auto"' or 'height: "auto"' to maintain the aspect ratio. @ http://localhost:3001/_next/static/chunks/03aae_next_dist_0ca34451._.js:968
[  203367ms] [LOG] %c << query #3 %cstudent.dashboard%c %O 
    background-color: #3fb0d8;
    color: white;
    padding: 2px;
   
    background-color: #3fb0d8;
    color: white;
    padding: 2px;
  ; font-weight: bold; 
    background-color: #3fb0d8;
    color: white;
    padding: 2px;
  ; font-weight: normal; {input: undefined, result: Object, elapsedMs: 1103, context: Object} @ http://localhost:3001/_next/static/chunks/03aae_86c65cbd._.js:2468
[  283300ms] [LOG] [Fast Refresh] rebuilding @ http://localhost:3001/_next/static/chunks/03aae_next_dist_client_0c36b3a9._.js:5949
[  283406ms] [LOG] [Fast Refresh] done in 207ms @ http://localhost:3001/_next/static/chunks/03aae_next_dist_client_0c36b3a9._.js:5809
[  284179ms] [INFO] %cDownload the React DevTools for a better development experience: https://react.dev/link/react-devtools font-weight:bold @ http://localhost:3001/_next/static/chunks/03aae_next_dist_compiled_react-dom_017d3568._.js:14537
[  284208ms] [LOG] %c >> query #1 %cstudent.dashboard%c %O 
    background-color: #72e3ff;
    color: black;
    padding: 2px;
   
    background-color: #72e3ff;
    color: black;
    padding: 2px;
  ; font-weight: bold; 
    background-color: #72e3ff;
    color: black;
    padding: 2px;
  ; font-weight: normal; {input: undefined, context: Object} @ http://localhost:3001/_next/static/chunks/03aae_86c65cbd._.js:2468
[  284463ms] [LOG] %c << query #1 %cstudent.dashboard%c %O 
    background-color: #3fb0d8;
    color: white;
    padding: 2px;
   
    background-color: #3fb0d8;
    color: white;
    padding: 2px;
  ; font-weight: bold; 
    background-color: #3fb0d8;
    color: white;
    padding: 2px;
  ; font-weight: normal; {input: undefined, result: Object, elapsedMs: 255, context: Object} @ http://localhost:3001/_next/static/chunks/03aae_86c65cbd._.js:2468
[  284491ms] [WARNING] Image with src "http://localhost:3001/Arc_Icon_White.svg" has either width or height modified, but not the other. If you use CSS to change the size of your image, also include the styles 'width: "auto"' or 'height: "auto"' to maintain the aspect ratio. @ http://localhost:3001/_next/static/chunks/03aae_next_dist_0ca34451._.js:968
[  284492ms] [WARNING] Image with src "http://localhost:3001/Arc_Icon_Navay.svg" has either width or height modified, but not the other. If you use CSS to change the size of your image, also include the styles 'width: "auto"' or 'height: "auto"' to maintain the aspect ratio. @ http://localhost:3001/_next/static/chunks/03aae_next_dist_0ca34451._.js:968
